This is pdfTeX, Version 3.141592653-2.6-1.40.24 (TeX Live 2022) (preloaded format=pdflatex 2022.5.23)  6 JUN 2022 09:15
entering extended mode
 restricted \write18 enabled.
 file:line:error style messages enabled.
 %&-line parsing enabled.
**"/Users/bowkeo01/Documents/Uni/DC4100 Technology Management/Assignment 1/assignment.tex"
(/Users/bowkeo01/Documents/Uni/DC4100 Technology Management/Assignment 1/assignment.tex
LaTeX2e <2021-11-15> patch level 1
L3 programming layer <2022-02-24> (/usr/local/texlive/2022/texmf-dist/tex/latex/base/article.cls
Document Class: article 2021/10/04 v1.4n Standard LaTeX document class
(/usr/local/texlive/2022/texmf-dist/tex/latex/base/size10.clo
File: size10.clo 2021/10/04 v1.4n Standard LaTeX file (size option)
)
\c@part=\count185
\c@section=\count186
\c@subsection=\count187
\c@subsubsection=\count188
\c@paragraph=\count189
\c@subparagraph=\count190
\c@figure=\count191
\c@table=\count192
\abovecaptionskip=\skip47
\belowcaptionskip=\skip48
\bibindent=\dimen138
) (/usr/local/texlive/2022/texmf-dist/tex/latex/graphics/graphicx.sty
Package: graphicx 2021/09/16 v1.2d Enhanced LaTeX Graphics (DPC,SPQR)
 (/usr/local/texlive/2022/texmf-dist/tex/latex/graphics/keyval.sty
Package: keyval 2014/10/28 v1.15 key=value parser (DPC)
\KV@toks@=\toks16
) (/usr/local/texlive/2022/texmf-dist/tex/latex/graphics/graphics.sty
Package: graphics 2021/03/04 v1.4d Standard LaTeX Graphics (DPC,SPQR)
 (/usr/local/texlive/2022/texmf-dist/tex/latex/graphics/trig.sty
Package: trig 2021/08/11 v1.11 sin cos tan (DPC)
) (/usr/local/texlive/2022/texmf-dist/tex/latex/graphics-cfg/graphics.cfg
File: graphics.cfg 2016/06/04 v1.11 sample graphics configuration
)
Package graphics Info: Driver file: pdftex.def on input line 107.
 (/usr/local/texlive/2022/texmf-dist/tex/latex/graphics-def/pdftex.def
File: pdftex.def 2020/10/05 v1.2a Graphics/color driver for pdftex
))
\Gin@req@height=\dimen139
\Gin@req@width=\dimen140
) (/usr/local/texlive/2022/texmf-dist/tex/latex/wrapfig/wrapfig.sty
\wrapoverhang=\dimen141
\WF@size=\dimen142
\c@WF@wrappedlines=\count193
\WF@box=\box50
\WF@everypar=\toks17
Package: wrapfig 2003/01/31  v 3.6
) (/usr/local/texlive/2022/texmf-dist/tex/latex/adjustbox/adjustbox.sty
Package: adjustbox 2020/08/19 v1.3 Adjusting TeX boxes (trim, clip, ...)
 (/usr/local/texlive/2022/texmf-dist/tex/latex/xkeyval/xkeyval.sty
Package: xkeyval 2020/11/20 v2.8 package option processing (HA)
 (/usr/local/texlive/2022/texmf-dist/tex/generic/xkeyval/xkeyval.tex (/usr/local/texlive/2022/texmf-dist/tex/generic/xkeyval/xkvutils.tex
\XKV@toks=\toks18
\XKV@tempa@toks=\toks19
)
\XKV@depth=\count194
File: xkeyval.tex 2014/12/03 v2.7a key=value parser (HA)
)) (/usr/local/texlive/2022/texmf-dist/tex/latex/adjustbox/adjcalc.sty
Package: adjcalc 2012/05/16 v1.1 Provides advanced setlength with multiple back-ends (calc, etex, pgfmath)
) (/usr/local/texlive/2022/texmf-dist/tex/latex/adjustbox/trimclip.sty
Package: trimclip 2020/08/19 v1.2 Trim and clip general TeX material
 (/usr/local/texlive/2022/texmf-dist/tex/latex/collectbox/collectbox.sty
Package: collectbox 2012/05/17 v0.4b Collect macro arguments as boxes
\collectedbox=\box51
)
\tc@llx=\dimen143
\tc@lly=\dimen144
\tc@urx=\dimen145
\tc@ury=\dimen146
Package trimclip Info: Using driver 'tc-pdftex.def'.
 (/usr/local/texlive/2022/texmf-dist/tex/latex/adjustbox/tc-pdftex.def
File: tc-pdftex.def 2019/01/04 v2.2 Clipping driver for pdftex
))
\adjbox@Width=\dimen147
\adjbox@Height=\dimen148
\adjbox@Depth=\dimen149
\adjbox@Totalheight=\dimen150
\adjbox@pwidth=\dimen151
\adjbox@pheight=\dimen152
\adjbox@pdepth=\dimen153
\adjbox@ptotalheight=\dimen154
 (/usr/local/texlive/2022/texmf-dist/tex/latex/ifoddpage/ifoddpage.sty
Package: ifoddpage 2016/04/23 v1.1 Conditionals for odd/even page detection
\c@checkoddpage=\count195
) (/usr/local/texlive/2022/texmf-dist/tex/latex/varwidth/varwidth.sty
Package: varwidth 2009/03/30 ver 0.92;  Variable-width minipages
\@vwid@box=\box52
\sift@deathcycles=\count196
\@vwid@loff=\dimen155
\@vwid@roff=\dimen156
)) (/usr/local/texlive/2022/texmf-dist/tex/latex/enumitem/enumitem.sty
Package: enumitem 2019/06/20 v3.9 Customized lists
\labelindent=\skip49
\enit@outerparindent=\dimen157
\enit@toks=\toks20
\enit@inbox=\box53
\enit@count@id=\count197
\enitdp@description=\count198
) (/usr/local/texlive/2022/texmf-dist/tex/latex/float/float.sty
Package: float 2001/11/08 v1.3d Float enhancements (AL)
\c@float@type=\count199
\float@exts=\toks21
\float@box=\box54
\@float@everytoks=\toks22
\@floatcapt=\box55
) (/usr/local/texlive/2022/texmf-dist/tex/latex/hyperref/hyperref.sty
Package: hyperref 2022-02-21 v7.00n Hypertext links for LaTeX
 (/usr/local/texlive/2022/texmf-dist/tex/generic/ltxcmds/ltxcmds.sty
Package: ltxcmds 2020-05-10 v1.25 LaTeX kernel commands for general use (HO)
) (/usr/local/texlive/2022/texmf-dist/tex/generic/iftex/iftex.sty
Package: iftex 2022/02/03 v1.0f TeX engine tests
) (/usr/local/texlive/2022/texmf-dist/tex/generic/pdftexcmds/pdftexcmds.sty
Package: pdftexcmds 2020-06-27 v0.33 Utility functions of pdfTeX for LuaTeX (HO)
 (/usr/local/texlive/2022/texmf-dist/tex/generic/infwarerr/infwarerr.sty
Package: infwarerr 2019/12/03 v1.5 Providing info/warning/error messages (HO)
)
Package pdftexcmds Info: \pdf@primitive is available.
Package pdftexcmds Info: \pdf@ifprimitive is available.
Package pdftexcmds Info: \pdfdraftmode found.
) (/usr/local/texlive/2022/texmf-dist/tex/generic/kvsetkeys/kvsetkeys.sty
Package: kvsetkeys 2019/12/15 v1.18 Key value parser (HO)
) (/usr/local/texlive/2022/texmf-dist/tex/generic/kvdefinekeys/kvdefinekeys.sty
Package: kvdefinekeys 2019-12-19 v1.6 Define keys (HO)
) (/usr/local/texlive/2022/texmf-dist/tex/generic/pdfescape/pdfescape.sty
Package: pdfescape 2019/12/09 v1.15 Implements pdfTeX's escape features (HO)
) (/usr/local/texlive/2022/texmf-dist/tex/latex/hycolor/hycolor.sty
Package: hycolor 2020-01-27 v1.10 Color options for hyperref/bookmark (HO)
) (/usr/local/texlive/2022/texmf-dist/tex/latex/letltxmacro/letltxmacro.sty
Package: letltxmacro 2019/12/03 v1.6 Let assignment for LaTeX macros (HO)
) (/usr/local/texlive/2022/texmf-dist/tex/latex/auxhook/auxhook.sty
Package: auxhook 2019-12-17 v1.6 Hooks for auxiliary files (HO)
) (/usr/local/texlive/2022/texmf-dist/tex/latex/kvoptions/kvoptions.sty
Package: kvoptions 2020-10-07 v3.14 Key value format for package options (HO)
)
\@linkdim=\dimen158
\Hy@linkcounter=\count266
\Hy@pagecounter=\count267
 (/usr/local/texlive/2022/texmf-dist/tex/latex/hyperref/pd1enc.def
File: pd1enc.def 2022-02-21 v7.00n Hyperref: PDFDocEncoding definition (HO)
Now handling font encoding PD1 ...
... no UTF-8 mapping file for font encoding PD1
) (/usr/local/texlive/2022/texmf-dist/tex/generic/intcalc/intcalc.sty
Package: intcalc 2019/12/15 v1.3 Expandable calculations with integers (HO)
) (/usr/local/texlive/2022/texmf-dist/tex/generic/etexcmds/etexcmds.sty
Package: etexcmds 2019/12/15 v1.7 Avoid name clashes with e-TeX commands (HO)
)
\Hy@SavedSpaceFactor=\count268
 (/usr/local/texlive/2022/texmf-dist/tex/latex/hyperref/puenc.def
File: puenc.def 2022-02-21 v7.00n Hyperref: PDF Unicode definition (HO)
Now handling font encoding PU ...
... no UTF-8 mapping file for font encoding PU
)
Package hyperref Info: Hyper figures OFF on input line 4137.
Package hyperref Info: Link nesting OFF on input line 4142.
Package hyperref Info: Hyper index ON on input line 4145.
Package hyperref Info: Plain pages OFF on input line 4152.
Package hyperref Info: Backreferencing OFF on input line 4157.
Package hyperref Info: Implicit mode ON; LaTeX internals redefined.
Package hyperref Info: Bookmarks ON on input line 4390.
\c@Hy@tempcnt=\count269
 (/usr/local/texlive/2022/texmf-dist/tex/latex/url/url.sty
\Urlmuskip=\muskip16
Package: url 2013/09/16  ver 3.4  Verb mode for urls, etc.
)
LaTeX Info: Redefining \url on input line 4749.
\XeTeXLinkMargin=\dimen159
 (/usr/local/texlive/2022/texmf-dist/tex/generic/bitset/bitset.sty
Package: bitset 2019/12/09 v1.3 Handle bit-vector datatype (HO)
 (/usr/local/texlive/2022/texmf-dist/tex/generic/bigintcalc/bigintcalc.sty
Package: bigintcalc 2019/12/15 v1.5 Expandable calculations on big integers (HO)
))
\Fld@menulength=\count270
\Field@Width=\dimen160
\Fld@charsize=\dimen161
Package hyperref Info: Hyper figures OFF on input line 6027.
Package hyperref Info: Link nesting OFF on input line 6032.
Package hyperref Info: Hyper index ON on input line 6035.
Package hyperref Info: backreferencing OFF on input line 6042.
Package hyperref Info: Link coloring OFF on input line 6047.
Package hyperref Info: Link coloring with OCG OFF on input line 6052.
Package hyperref Info: PDF/A mode OFF on input line 6057.
LaTeX Info: Redefining \ref on input line 6097.
LaTeX Info: Redefining \pageref on input line 6101.
 (/usr/local/texlive/2022/texmf-dist/tex/latex/base/atbegshi-ltx.sty
Package: atbegshi-ltx 2021/01/10 v1.0c Emulation of the original atbegshi
package with kernel methods
)
\Hy@abspage=\count271
\c@Item=\count272
\c@Hfootnote=\count273
)
Package hyperref Info: Driver (autodetected): hpdftex.
 (/usr/local/texlive/2022/texmf-dist/tex/latex/hyperref/hpdftex.def
File: hpdftex.def 2022-02-21 v7.00n Hyperref driver for pdfTeX
 (/usr/local/texlive/2022/texmf-dist/tex/latex/base/atveryend-ltx.sty
Package: atveryend-ltx 2020/08/19 v1.0a Emulation of the original atveryend package
with kernel methods
)
\Fld@listcount=\count274
\c@bookmark@seq@number=\count275
 (/usr/local/texlive/2022/texmf-dist/tex/latex/rerunfilecheck/rerunfilecheck.sty
Package: rerunfilecheck 2019/12/05 v1.9 Rerun checks for auxiliary files (HO)
 (/usr/local/texlive/2022/texmf-dist/tex/generic/uniquecounter/uniquecounter.sty
Package: uniquecounter 2019/12/15 v1.4 Provide unlimited unique counter (HO)
)
Package uniquecounter Info: New unique counter `rerunfilecheck' on input line 286.
)
\Hy@SectionHShift=\skip50
) (/usr/local/texlive/2022/texmf-dist/tex/latex/caption/caption.sty
Package: caption 2022/03/01 v3.6b Customizing captions (AR)
 (/usr/local/texlive/2022/texmf-dist/tex/latex/caption/caption3.sty
Package: caption3 2022/03/17 v2.3b caption3 kernel (AR)
\caption@tempdima=\dimen162
\captionmargin=\dimen163
\caption@leftmargin=\dimen164
\caption@rightmargin=\dimen165
\caption@width=\dimen166
\caption@indent=\dimen167
\caption@parindent=\dimen168
\caption@hangindent=\dimen169
Package caption Info: Standard document class detected.
)
\c@caption@flags=\count276
\c@continuedfloat=\count277
Package caption Info: float package is loaded.
Package caption Info: hyperref package is loaded.
Package caption Info: wrapfig package is loaded.
) (/usr/local/texlive/2022/texmf-dist/tex/latex/graphics/rotating.sty
Package: rotating 2016/08/11 v2.16d rotated objects in LaTeX
 (/usr/local/texlive/2022/texmf-dist/tex/latex/base/ifthen.sty
Package: ifthen 2020/11/24 v1.1c Standard LaTeX ifthen package (DPC)
)
\c@r@tfl@t=\count278
\rotFPtop=\skip51
\rotFPbot=\skip52
\rot@float@box=\box56
\rot@mess@toks=\toks23
) (/usr/local/texlive/2022/texmf-dist/tex/latex/pdflscape/pdflscape.sty
Package: pdflscape 2019/12/05 v0.12 Display of landscape pages in PDF (HO)
 (/usr/local/texlive/2022/texmf-dist/tex/latex/graphics/lscape.sty
Package: lscape 2020/05/28 v3.02 Landscape Pages (DPC)
)
Package pdflscape Info: Auto-detected driver: pdftex on input line 81.
) (/usr/local/texlive/2022/texmf-dist/tex/latex/l3backend/l3backend-pdftex.def
File: l3backend-pdftex.def 2022-02-07 L3 backend support: PDF output (pdfTeX)
\l__color_backend_stack_int=\count279
\l__pdf_internal_box=\box57
) (./assignment.aux)
\openout1 = `assignment.aux'.

LaTeX Font Info:    Checking defaults for OML/cmm/m/it on input line 16.
LaTeX Font Info:    ... okay on input line 16.
LaTeX Font Info:    Checking defaults for OMS/cmsy/m/n on input line 16.
LaTeX Font Info:    ... okay on input line 16.
LaTeX Font Info:    Checking defaults for OT1/cmr/m/n on input line 16.
LaTeX Font Info:    ... okay on input line 16.
LaTeX Font Info:    Checking defaults for T1/cmr/m/n on input line 16.
LaTeX Font Info:    ... okay on input line 16.
LaTeX Font Info:    Checking defaults for TS1/cmr/m/n on input line 16.
LaTeX Font Info:    ... okay on input line 16.
LaTeX Font Info:    Checking defaults for OMX/cmex/m/n on input line 16.
LaTeX Font Info:    ... okay on input line 16.
LaTeX Font Info:    Checking defaults for U/cmr/m/n on input line 16.
LaTeX Font Info:    ... okay on input line 16.
LaTeX Font Info:    Checking defaults for PD1/pdf/m/n on input line 16.
LaTeX Font Info:    ... okay on input line 16.
LaTeX Font Info:    Checking defaults for PU/pdf/m/n on input line 16.
LaTeX Font Info:    ... okay on input line 16.
 (/usr/local/texlive/2022/texmf-dist/tex/context/base/mkii/supp-pdf.mkii
[Loading MPS to PDF converter (version 2006.09.02).]
\scratchcounter=\count280
\scratchdimen=\dimen170
\scratchbox=\box58
\nofMPsegments=\count281
\nofMParguments=\count282
\everyMPshowfont=\toks24
\MPscratchCnt=\count283
\MPscratchDim=\dimen171
\MPnumerator=\count284
\makeMPintoPDFobject=\count285
\everyMPtoPDFconversion=\toks25
) (/usr/local/texlive/2022/texmf-dist/tex/latex/epstopdf-pkg/epstopdf-base.sty
Package: epstopdf-base 2020-01-24 v2.11 Base part for package epstopdf
Package epstopdf-base Info: Redefining graphics rule for `.eps' on input line 485.
 (/usr/local/texlive/2022/texmf-dist/tex/latex/latexconfig/epstopdf-sys.cfg
File: epstopdf-sys.cfg 2010/07/13 v1.3 Configuration of (r)epstopdf for TeX Live
))
Package hyperref Info: Link coloring OFF on input line 16.
 (/usr/local/texlive/2022/texmf-dist/tex/latex/hyperref/nameref.sty
Package: nameref 2021-04-02 v2.47 Cross-referencing by name of section
 (/usr/local/texlive/2022/texmf-dist/tex/latex/refcount/refcount.sty
Package: refcount 2019/12/15 v3.6 Data extraction from label references (HO)
) (/usr/local/texlive/2022/texmf-dist/tex/generic/gettitlestring/gettitlestring.sty
Package: gettitlestring 2019/12/15 v1.6 Cleanup title references (HO)
)
\c@section@level=\count286
)
LaTeX Info: Redefining \ref on input line 16.
LaTeX Info: Redefining \pageref on input line 16.
LaTeX Info: Redefining \nameref on input line 16.
 (./assignment.out) (./assignment.out)
\@outlinefile=\write3
\openout3 = `assignment.out'.

Package caption Info: Begin \AtBeginDocument code.
Package caption Info: rotating package is loaded.
Package caption Info: End \AtBeginDocument code.
LaTeX Font Info:    External font `cmex10' loaded for size
(Font)              <12> on input line 19.
LaTeX Font Info:    External font `cmex10' loaded for size
(Font)              <8> on input line 19.
LaTeX Font Info:    External font `cmex10' loaded for size
(Font)              <6> on input line 19.
<assets/uber_logo.png, id=88, 1885.30435pt x 1885.30435pt>
File: assets/uber_logo.png Graphic file (type png)
<use assets/uber_logo.png>
Package pdftex.def Info: assets/uber_logo.png  used on input line 20.
(pdftex.def)             Requested size: 142.26378pt x 142.25475pt.
 [1

{/usr/local/texlive/2022/texmf-var/fonts/map/pdftex/updmap/pdftex.map} <./assets/uber_logo.png>] (./assignment.toc
LaTeX Font Info:    External font `cmex10' loaded for size
(Font)              <7> on input line 3.
LaTeX Font Info:    External font `cmex10' loaded for size
(Font)              <5> on input line 3.
)
\tf@toc=\write4
\openout4 = `assignment.toc'.

 [2] [3]
<assets/viewpoints.drawio.png, id=135, 1417.295pt x 528.97626pt>
File: assets/viewpoints.drawio.png Graphic file (type png)
<use assets/viewpoints.drawio.png>
Package pdftex.def Info: assets/viewpoints.drawio.png  used on input line 54.
(pdftex.def)             Requested size: 341.43306pt x 127.4331pt.
 [4 <./assets/viewpoints.drawio.png>]
<assets/customer_use_case.drawio.png, id=143, 744.7825pt x 844.15375pt>
File: assets/customer_use_case.drawio.png Graphic file (type png)
<use assets/customer_use_case.drawio.png>
Package pdftex.def Info: assets/customer_use_case.drawio.png  used on input line 71.
(pdftex.def)             Requested size: 172.5pt x 195.51663pt.
 [5 <./assets/customer_use_case.drawio.png>]
<assets/pp_use_case.drawio.png, id=150, 489.83pt x 251.94125pt>
File: assets/pp_use_case.drawio.png Graphic file (type png)
<use assets/pp_use_case.drawio.png>
Package pdftex.def Info: assets/pp_use_case.drawio.png  used on input line 93.
(pdftex.def)             Requested size: 142.26378pt x 73.17256pt.
<assets/csr_use_case.drawio.png, id=152, 507.8975pt x 97.36375pt>
File: assets/csr_use_case.drawio.png Graphic file (type png)
<use assets/csr_use_case.drawio.png>
Package pdftex.def Info: assets/csr_use_case.drawio.png  used on input line 105.
(pdftex.def)             Requested size: 142.26378pt x 27.27205pt.
<assets/authorities_use_case.drawio.png, id=153, 293.095pt x 92.345pt>
File: assets/authorities_use_case.drawio.png Graphic file (type png)
<use assets/authorities_use_case.drawio.png>
Package pdftex.def Info: assets/authorities_use_case.drawio.png  used on input line 115.
(pdftex.def)             Requested size: 142.26378pt x 44.82248pt.

Overfull \hbox (65.33858pt too wide) in paragraph at lines 121--173
 [] 
 []

[6 <./assets/pp_use_case.drawio.png> <./assets/csr_use_case.drawio.png> <./assets/authorities_use_case.drawio.png>] [7] [8] [9]
<assets/activity_diagram.drawio.png, id=227, 1104.125pt x 1260.71pt>
File: assets/activity_diagram.drawio.png Graphic file (type png)
<use assets/activity_diagram.drawio.png>
Package pdftex.def Info: assets/activity_diagram.drawio.png  used on input line 266.
(pdftex.def)             Requested size: 327.20668pt x 373.61832pt.
 [10 <./assets/activity_diagram.drawio.png>] [11]
<assets/sequence.drawio.png, id=238, 894.34125pt x 432.61626pt>
File: assets/sequence.drawio.png Graphic file (type png)
<use assets/sequence.drawio.png>
Package pdftex.def Info: assets/sequence.drawio.png  used on input line 296.
(pdftex.def)             Requested size: 341.43306pt x 165.16162pt.
 [12 <./assets/sequence.drawio.png>]
<assets/arch_bus.drawio.png, id=246, 1506.62875pt x 1206.5075pt>
File: assets/arch_bus.drawio.png Graphic file (type png)
<use assets/arch_bus.drawio.png>
Package pdftex.def Info: assets/arch_bus.drawio.png  used on input line 330.
(pdftex.def)             Requested size: 341.43306pt x 273.40392pt.
 [13 <./assets/arch_bus.drawio.png>] [14]
<assets/arch_app.drawio.png, id=258, 1485.55pt x 455.7025pt>
File: assets/arch_app.drawio.png Graphic file (type png)
<use assets/arch_app.drawio.png>
Package pdftex.def Info: assets/arch_app.drawio.png  used on input line 383.
(pdftex.def)             Requested size: 341.43306pt x 104.73288pt.
 [15 <./assets/arch_app.drawio.png>]
Overfull \hbox (8.28128pt too wide) in paragraph at lines 390--390
[]\OT1/cmr/bx/n/14.4 Implementing Self Driv-ing Ve-hi-cles (Roadmap) 
 []

[16] [17]
<assets/strategy.drawio.png, id=277, 824.07875pt x 773.89125pt>
File: assets/strategy.drawio.png Graphic file (type png)
<use assets/strategy.drawio.png>
Package pdftex.def Info: assets/strategy.drawio.png  used on input line 432.
(pdftex.def)             Requested size: 341.43306pt x 320.6393pt.
 [18 <./assets/strategy.drawio.png>]
<assets/motivation.drawio.png, id=285, 924.45375pt x 663.47874pt>
File: assets/motivation.drawio.png Graphic file (type png)
<use assets/motivation.drawio.png>
Package pdftex.def Info: assets/motivation.drawio.png  used on input line 445.
(pdftex.def)             Requested size: 341.43306pt x 245.04796pt.
 [19 <./assets/motivation.drawio.png>] [20]
<assets/migration.drawio.png, id=304, 1534.73375pt x 461.725pt>
File: assets/migration.drawio.png Graphic file (type png)
<use assets/migration.drawio.png>
Package pdftex.def Info: assets/migration.drawio.png  used on input line 484.
(pdftex.def)             Requested size: 569.05511pt x 171.20193pt.

Overfull \hbox (19.05511pt too wide) in paragraph at lines 484--485
 [][] 
 []

[21 <./assets/migration.drawio.png>]
Overfull \hbox (2.83882pt too wide) in paragraph at lines 501--503
\OT1/cmr/m/it/10 Web-site\OT1/cmr/m/n/10 . Avail-able at []$\OT1/cmtt/m/n/10 https : / / www . opengroup . org / archimate-[]home$[] \OT1/cmr/m/n/10 (ac-cessed
 []


Overfull \hbox (112.3153pt too wide) in paragraph at lines 507--509
\OT1/cmr/m/it/10 ond Mea-sure\OT1/cmr/m/n/10 . Avail-able at []$\OT1/cmtt/m/n/10 https : / / secondmeasure . com / datapoints / rideshare-[]industry-[]overview/$[]
 []


Overfull \hbox (300.20909pt too wide) in paragraph at lines 510--512
\OT1/cmr/m/it/10 roads - GOV.UK\OT1/cmr/m/n/10 . Avail-able at []$\OT1/cmtt/m/n/10 https : / / www . gov . uk / government / news / government-[]paves-[]the-[]way-[]for-[]self-[]driving-[]vehicles-[]on-[]uk-[]roads$[]
 []

[22


]
<assets/use_cases.drawio.png, id=328, 1173.38374pt x 844.15375pt>
File: assets/use_cases.drawio.png Graphic file (type png)
<use assets/use_cases.drawio.png>
Package pdftex.def Info: assets/use_cases.drawio.png  used on input line 525.
(pdftex.def)             Requested size: 284.52756pt x 204.68771pt.
 [23 <./assets/use_cases.drawio.png>]
<assets/arch_full.drawio.png, id=335, 1921.1775pt x 1692.3225pt>
File: assets/arch_full.drawio.png Graphic file (type png)
<use assets/arch_full.drawio.png>
Package pdftex.def Info: assets/arch_full.drawio.png  used on input line 536.
(pdftex.def)             Requested size: 341.43306pt x 300.75732pt.
 [24 <./assets/arch_full.drawio.png>]
<assets/sequence_access.drawio.png, id=342, 1045.9075pt x 432.61626pt>
File: assets/sequence_access.drawio.png Graphic file (type png)
<use assets/sequence_access.drawio.png>
Package pdftex.def Info: assets/sequence_access.drawio.png  used on input line 545.
(pdftex.def)             Requested size: 341.43306pt x 141.22572pt.
 [25 <./assets/sequence_access.drawio.png>] (./assignment.aux)
Package rerunfilecheck Info: File `assignment.out' has not changed.
(rerunfilecheck)             Checksum: FEE0D6970CC2D8412CC9418605F6C6FA;3673.
 ) 
Here is how much of TeX's memory you used:
 11453 strings out of 478268
 191862 string characters out of 5846347
 480377 words of memory out of 5000000
 29380 multiletter control sequences out of 15000+600000
 474740 words of font info for 46 fonts, out of 8000000 for 9000
 1141 hyphenation exceptions out of 8191
 69i,9n,117p,2254b,677s stack positions out of 10000i,1000n,20000p,200000b,200000s
{/usr/local/texlive/2022/texmf-dist/fonts/enc/dvips/cm-super/cm-super-ts1.enc}</usr/local/texlive/2022/texmf-dist/fonts/type1/public/amsfonts/cm/cmbx10.pfb></usr/local/texlive/2022/texmf-dist/fonts/type1/public/amsfonts/cm/cmbx12.pfb></usr/local/texlive/2022/texmf-dist/fonts/type1/public/amsfonts/cm/cmr10.pfb></usr/local/texlive/2022/texmf-dist/fonts/type1/public/amsfonts/cm/cmr12.pfb></usr/local/texlive/2022/texmf-dist/fonts/type1/public/amsfonts/cm/cmr17.pfb></usr/local/texlive/2022/texmf-dist/fonts/type1/public/amsfonts/cm/cmti10.pfb></usr/local/texlive/2022/texmf-dist/fonts/type1/public/amsfonts/cm/cmtt10.pfb></usr/local/texlive/2022/texmf-dist/fonts/type1/public/cm-super/sfrm1000.pfb></usr/local/texlive/2022/texmf-dist/fonts/type1/public/cm-super/sfti1000.pfb>
Output written on assignment.pdf (25 pages, 1160085 bytes).
PDF statistics:
 419 PDF objects out of 1000 (max. 8388607)
 338 compressed objects within 4 object streams
 122 named destinations out of 1000 (max. 500000)
 249 words of extra memory for PDF output out of 10000 (max. 10000000)

